Using pre-set license
Built from '2020.2/staging' branch; Version is '2020.2.3f1 (8ff31bc5bf5b) revision 9433883'; Using compiler version '192528614'; Build Type 'Release'
OS: 'Windows 10 Enterprise; OS build 18363.1316; Version 1909; 64bit' Language: 'en' Physical Memory: 7990 MB
BatchMode: 1, IsHumanControllingUs: 0, StartBugReporterOnCrash: 0, Is64bit: 1, IsPro: 0

 COMMAND LINE ARGUMENTS:
C:\Program Files\Unity\Hub\Editor\2020.2.3f1\Editor\Unity.exe
-adb2
-batchMode
-noUpm
-name
AssetImportWorker0
-projectPath
C:/Git/Unity_Training_git/VFX_Coffee/VFX_Coffee_git/VFX_HDRP_Coffee/VFX_HDRP_Coffee
-logFile
Logs/AssetImportWorker0.log
-srvPort
56016
Successfully changed project path to: C:/Git/Unity_Training_git/VFX_Coffee/VFX_Coffee_git/VFX_HDRP_Coffee/VFX_HDRP_Coffee
C:/Git/Unity_Training_git/VFX_Coffee/VFX_Coffee_git/VFX_HDRP_Coffee/VFX_HDRP_Coffee
Using Asset Import Pipeline V2.
Refreshing native plugins compatible for Editor in 417.28 ms, found 0 plugins.
Preloading 0 native plugins for Editor in 0.00 ms.
Initialize engine version: 2020.2.3f1 (8ff31bc5bf5b)
[Subsystems] Discovering subsystems at path C:/Program Files/Unity/Hub/Editor/2020.2.3f1/Editor/Data/Resources/UnitySubsystems
[Subsystems] Discovering subsystems at path C:/Git/Unity_Training_git/VFX_Coffee/VFX_Coffee_git/VFX_HDRP_Coffee/VFX_HDRP_Coffee/Assets
GfxDevice: creating device client; threaded=0
Direct3D:
    Version:  Direct3D 11.0 [level 11.1]
    Renderer: Intel(R) HD Graphics 520 (ID=0x1916)
    Vendor:   
    VRAM:     3995 MB
    Driver:   21.20.16.4574
Initialize mono
Mono path[0] = 'C:/Program Files/Unity/Hub/Editor/2020.2.3f1/Editor/Data/Managed'
Mono path[1] = 'C:/Program Files/Unity/Hub/Editor/2020.2.3f1/Editor/Data/MonoBleedingEdge/lib/mono/unityjit'
Mono config path = 'C:/Program Files/Unity/Hub/Editor/2020.2.3f1/Editor/Data/MonoBleedingEdge/etc'
Using monoOptions --debugger-agent=transport=dt_socket,embedding=1,server=y,suspend=n,address=127.0.0.1:56464
Begin MonoManager ReloadAssembly
Registering precompiled unity dll's ...
Register platform support module: C:/Program Files/Unity/Hub/Editor/2020.2.3f1/Editor/Data/PlaybackEngines/WindowsStandaloneSupport/UnityEditor.WindowsStandalone.Extensions.dll
Registered in 0.008810 seconds.
Native extension for WindowsStandalone target not found
Refreshing native plugins compatible for Editor in 399.57 ms, found 0 plugins.
Preloading 0 native plugins for Editor in 0.00 ms.
Invoked RoslynAnalysisRunner static constructor.
RoslynAnalysisRunner will not be running.
RoslynAnalysisRunner has terminated.
Mono: successfully reloaded assembly
- Completed reload, in  8.166 seconds
Platform modules already initialized, skipping
Registering precompiled user dll's ...
Registered in 0.029134 seconds.
Begin MonoManager ReloadAssembly
Native extension for WindowsStandalone target not found
Refreshing native plugins compatible for Editor in 157.39 ms, found 0 plugins.
Preloading 0 native plugins for Editor in 0.00 ms.
Invoked RoslynAnalysisRunner static constructor.
RoslynAnalysisRunner will not be running.
RoslynAnalysisRunner has terminated.
Mono: successfully reloaded assembly
- Completed reload, in  4.327 seconds
Platform modules already initialized, skipping
========================================================================
Worker process is ready to serve import requests
Launched and connected shader compiler UnityShaderCompiler.exe after 0.15 seconds
Refreshing native plugins compatible for Editor in 1.32 ms, found 0 plugins.
Preloading 0 native plugins for Editor in 0.00 ms.
Unloading 3468 Unused Serialized files (Serialized files now loaded: 0)
System memory in use before: 170.4 MB.
System memory in use after: 167.7 MB.

Unloading 42 unused Assets to reduce memory usage. Loaded Objects now: 3898.
Total: 38.885600 ms (FindLiveObjects: 0.801800 ms CreateObjectMapping: 0.428300 ms MarkObjects: 5.201900 ms  DeleteObjects: 32.448500 ms)

========================================================================
Received Import Request.
  path: Assets/Art/Textures/General/WoodCounter_Albedo.png
  artifactKey: Guid(8bd5849ed8ed1634d988797456486876) Importer(815301076,1909f56bfc062723c751e8b465ee728b)
Start importing Assets/Art/Textures/General/WoodCounter_Albedo.png using Guid(8bd5849ed8ed1634d988797456486876) Importer(815301076,1909f56bfc062723c751e8b465ee728b)  -> (artifact id: 'fe55d4d83217f1cfcc12cd0e149ba732') in 0.415840 seconds
  Import took 0.429471 seconds .

========================================================================
Received Import Request.
  Time since last request: 0.013344 seconds.
  path: Assets/Art/Textures/General/Bamboo_A_BNM.png
  artifactKey: Guid(f6341afdbd8d916429f1fb266c729b58) Importer(815301076,1909f56bfc062723c751e8b465ee728b)
Start importing Assets/Art/Textures/General/Bamboo_A_BNM.png using Guid(f6341afdbd8d916429f1fb266c729b58) Importer(815301076,1909f56bfc062723c751e8b465ee728b)  -> (artifact id: '4fdc1cc19b2686aa1cb1bc68c06148fb') in 5.942425 seconds
  Import took 5.957839 seconds .

========================================================================
Received Import Request.
  Time since last request: 0.000488 seconds.
  path: Assets/Art/Textures/General/ConcreteTaupe_02_Albedo.png
  artifactKey: Guid(5b5f09d31f567674ea32972d86836528) Importer(815301076,1909f56bfc062723c751e8b465ee728b)
Start importing Assets/Art/Textures/General/ConcreteTaupe_02_Albedo.png using Guid(5b5f09d31f567674ea32972d86836528) Importer(815301076,1909f56bfc062723c751e8b465ee728b)  -> (artifact id: 'f6937396da784b89f5c58398c4f9b40a') in 0.103485 seconds
  Import took 0.116716 seconds .

========================================================================
Received Import Request.
  Time since last request: 0.000526 seconds.
  path: Assets/Art/Textures/General/Brass_Albedo.png
  artifactKey: Guid(3287de45d937b34418b4eb16c1a27c8b) Importer(815301076,1909f56bfc062723c751e8b465ee728b)
Start importing Assets/Art/Textures/General/Brass_Albedo.png using Guid(3287de45d937b34418b4eb16c1a27c8b) Importer(815301076,1909f56bfc062723c751e8b465ee728b)  -> (artifact id: '18e95d2ee276a27a40f1a27c507014ba') in 0.083737 seconds
  Import took 0.097157 seconds .

========================================================================
Received Import Request.
  Time since last request: 0.000479 seconds.
  path: Assets/Art/Textures/General/WoodCounter_Normal.png
  artifactKey: Guid(99e593ed56a446441b8541d817103e72) Importer(815301076,1909f56bfc062723c751e8b465ee728b)
Start importing Assets/Art/Textures/General/WoodCounter_Normal.png using Guid(99e593ed56a446441b8541d817103e72) Importer(815301076,1909f56bfc062723c751e8b465ee728b)  -> (artifact id: 'c88b57ef6e5569e064c0c9b32e8d2374') in 0.059994 seconds
  Import took 0.073477 seconds .

========================================================================
Received Import Request.
  Time since last request: 0.000451 seconds.
  path: Assets/Art/Textures/VFX/BamBoo_Leaves_Albedo.png
  artifactKey: Guid(8a51867cd75a2a7438c127fd7ae830e3) Importer(815301076,1909f56bfc062723c751e8b465ee728b)
Start importing Assets/Art/Textures/VFX/BamBoo_Leaves_Albedo.png using Guid(8a51867cd75a2a7438c127fd7ae830e3) Importer(815301076,1909f56bfc062723c751e8b465ee728b)  -> (artifact id: 'ba1e87831269c1fc6fd1c4663f61eb2f') in 0.090825 seconds
  Import took 0.137517 seconds .

========================================================================
Received Import Request.
  Time since last request: 0.000140 seconds.
  path: Assets/Scenes/SampleScene/Lightmap-2_comp_dir.png
  artifactKey: Guid(d0e945dd6a89edd408f301b839717f0a) Importer(815301076,1909f56bfc062723c751e8b465ee728b)
Start importing Assets/Scenes/SampleScene/Lightmap-2_comp_dir.png using Guid(d0e945dd6a89edd408f301b839717f0a) Importer(815301076,1909f56bfc062723c751e8b465ee728b)  -> (artifact id: '019b5be974c0b27590f21cfc802a5b9f') in 0.094282 seconds
  Import took 0.115069 seconds .

========================================================================
Received Import Request.
  Time since last request: 0.000551 seconds.
  path: Assets/Scenes/SampleScene/ReflectionProbe-17.exr
  artifactKey: Guid(dbcc65bcafce7e043ac894a6ee6114a2) Importer(815301076,1909f56bfc062723c751e8b465ee728b)
Start importing Assets/Scenes/SampleScene/ReflectionProbe-17.exr using Guid(dbcc65bcafce7e043ac894a6ee6114a2) Importer(815301076,1909f56bfc062723c751e8b465ee728b)  -> (artifact id: 'fbcd18975570f59447f19a1d548975a2') in 0.284078 seconds
  Import took 0.301873 seconds .

========================================================================
Received Import Request.
  Time since last request: 0.000470 seconds.
  path: Assets/Art/Textures/General/DecalSheet_01A_BC.png
  artifactKey: Guid(989cdd44d30f8c940ab150bdccfd5beb) Importer(815301076,1909f56bfc062723c751e8b465ee728b)
Start importing Assets/Art/Textures/General/DecalSheet_01A_BC.png using Guid(989cdd44d30f8c940ab150bdccfd5beb) Importer(815301076,1909f56bfc062723c751e8b465ee728b)  -> (artifact id: '0102c6cbb5c994fe90157c01a0438d3e') in 0.089142 seconds
  Import took 0.101636 seconds .

========================================================================
Received Import Request.
  Time since last request: 0.000437 seconds.
  path: Assets/Art/Textures/LightCookie/SpotLight_Cookie.png
  artifactKey: Guid(c3097fbf5286afe4692f9d336db11daa) Importer(815301076,1909f56bfc062723c751e8b465ee728b)
Start importing Assets/Art/Textures/LightCookie/SpotLight_Cookie.png using Guid(c3097fbf5286afe4692f9d336db11daa) Importer(815301076,1909f56bfc062723c751e8b465ee728b)  -> (artifact id: 'd83e1a3463395e3271b2e8e91efbc1ca') in 0.125160 seconds
  Import took 0.140264 seconds .

========================================================================
Received Import Request.
  Time since last request: 0.000462 seconds.
  path: Assets/Art/Textures/VFX/BamBoo_Leaves_Normal.png
  artifactKey: Guid(5f32f45b35afc554ca8d0bbae0fb2f0c) Importer(815301076,1909f56bfc062723c751e8b465ee728b)
Start importing Assets/Art/Textures/VFX/BamBoo_Leaves_Normal.png using Guid(5f32f45b35afc554ca8d0bbae0fb2f0c) Importer(815301076,1909f56bfc062723c751e8b465ee728b)  -> (artifact id: '45385295f26bb35cfa2504a21d606b50') in 0.070118 seconds
  Import took 0.091983 seconds .

========================================================================
Received Import Request.
  Time since last request: 0.000522 seconds.
  path: Assets/Art/Textures/General/Rock_A_MaskMap.png
  artifactKey: Guid(baca794092305174e9d24bc5dd89d24d) Importer(815301076,1909f56bfc062723c751e8b465ee728b)
Start importing Assets/Art/Textures/General/Rock_A_MaskMap.png using Guid(baca794092305174e9d24bc5dd89d24d) Importer(815301076,1909f56bfc062723c751e8b465ee728b)  -> (artifact id: '3fc5f545bbc3122f651a77158bdadb6e') in 0.102025 seconds
  Import took 0.115704 seconds .

========================================================================
Received Import Request.
  Time since last request: 0.000619 seconds.
  path: Assets/Art/Textures/General/Brass_MAODS.png
  artifactKey: Guid(3008d6bc83d360041817752724fa2f4e) Importer(815301076,1909f56bfc062723c751e8b465ee728b)
Start importing Assets/Art/Textures/General/Brass_MAODS.png using Guid(3008d6bc83d360041817752724fa2f4e) Importer(815301076,1909f56bfc062723c751e8b465ee728b)  -> (artifact id: 'a8394323327fdf6721e4ea2a4bd002ef') in 0.148901 seconds
  Import took 0.175935 seconds .

========================================================================
Received Import Request.
  Time since last request: 0.000140 seconds.
  path: Assets/Art/Textures/General/MarbleFloor_MAODS.png
  artifactKey: Guid(a0ea9d15b87d52246b305917ad26afa1) Importer(815301076,1909f56bfc062723c751e8b465ee728b)
Start importing Assets/Art/Textures/General/MarbleFloor_MAODS.png using Guid(a0ea9d15b87d52246b305917ad26afa1) Importer(815301076,1909f56bfc062723c751e8b465ee728b)  -> (artifact id: 'c22f87bf6ee3fb3ac448e585c0ab7fd2') in 0.081332 seconds
  Import took 0.095130 seconds .

========================================================================
Received Import Request.
  Time since last request: 0.000563 seconds.
  path: Assets/Scenes/SampleScene/Lightmap-6_comp_light.exr
  artifactKey: Guid(aff1b928f2ba59646843323bbb7019c0) Importer(815301076,1909f56bfc062723c751e8b465ee728b)
Start importing Assets/Scenes/SampleScene/Lightmap-6_comp_light.exr using Guid(aff1b928f2ba59646843323bbb7019c0) Importer(815301076,1909f56bfc062723c751e8b465ee728b)  -> (artifact id: '0552510a4b0cd115f5fd7f42d0467d5a') in 0.106129 seconds
  Import took 0.133490 seconds .

========================================================================
Received Import Request.
  Time since last request: 0.000435 seconds.
  path: Assets/Art/Textures/General/ConcreteTaupe_02_Normal.png
  artifactKey: Guid(a576bd1917d2ab840962608924503cfb) Importer(815301076,1909f56bfc062723c751e8b465ee728b)
Start importing Assets/Art/Textures/General/ConcreteTaupe_02_Normal.png using Guid(a576bd1917d2ab840962608924503cfb) Importer(815301076,1909f56bfc062723c751e8b465ee728b)  -> (artifact id: '230ff49a702fe730acc8b7adbcb020fa') in 0.087099 seconds
  Import took 0.101203 seconds .

========================================================================
Received Import Request.
  Time since last request: 0.000597 seconds.
  path: Assets/Art/Textures/General/Bamboo_A_Albedo.png
  artifactKey: Guid(d0988f211eac8ca4d84dd1290ce650de) Importer(815301076,1909f56bfc062723c751e8b465ee728b)
Start importing Assets/Art/Textures/General/Bamboo_A_Albedo.png using Guid(d0988f211eac8ca4d84dd1290ce650de) Importer(815301076,1909f56bfc062723c751e8b465ee728b)  -> (artifact id: 'e81246af141837888e6afc81b3d06a13') in 0.071293 seconds
  Import took 0.094679 seconds .

========================================================================
Received Import Request.
  Time since last request: 0.000512 seconds.
  path: Assets/Scenes/SampleScene/Lightmap-4_comp_dir.png
  artifactKey: Guid(5f42fa2a722ac20489856b05039dee64) Importer(815301076,1909f56bfc062723c751e8b465ee728b)
Start importing Assets/Scenes/SampleScene/Lightmap-4_comp_dir.png using Guid(5f42fa2a722ac20489856b05039dee64) Importer(815301076,1909f56bfc062723c751e8b465ee728b)  -> (artifact id: 'f62c286ad0cf44fee148872356055d48') in 0.064231 seconds
  Import took 0.089409 seconds .

========================================================================
Received Import Request.
  Time since last request: 0.000475 seconds.
  path: Assets/Art/Textures/General/MetalBlack_MAODS.png
  artifactKey: Guid(5b9891405fd029f4c9cfec22093ed459) Importer(815301076,1909f56bfc062723c751e8b465ee728b)
Start importing Assets/Art/Textures/General/MetalBlack_MAODS.png using Guid(5b9891405fd029f4c9cfec22093ed459) Importer(815301076,1909f56bfc062723c751e8b465ee728b)  -> (artifact id: 'e89a7214f9eb34085f6798fcdba04103') in 0.047391 seconds
  Import took 0.064067 seconds .

========================================================================
Received Import Request.
  Time since last request: 0.000893 seconds.
  path: Assets/Art/Textures/General/ConcreteMatteGrey_MAODS.png
  artifactKey: Guid(4908c5801c2e45f4ba41d435be86f5fa) Importer(815301076,1909f56bfc062723c751e8b465ee728b)
Start importing Assets/Art/Textures/General/ConcreteMatteGrey_MAODS.png using Guid(4908c5801c2e45f4ba41d435be86f5fa) Importer(815301076,1909f56bfc062723c751e8b465ee728b)  -> (artifact id: '370f4ba108a7b14d553f0b1649bfe5e7') in 0.059032 seconds
  Import took 0.085671 seconds .

========================================================================
Received Import Request.
  Time since last request: 0.001338 seconds.
  path: Assets/Scenes/SampleScene/Lightmap-1_comp_light.exr
  artifactKey: Guid(d65881cd9a18b2d468ffa8cd3872247c) Importer(815301076,1909f56bfc062723c751e8b465ee728b)
Start importing Assets/Scenes/SampleScene/Lightmap-1_comp_light.exr using Guid(d65881cd9a18b2d468ffa8cd3872247c) Importer(815301076,1909f56bfc062723c751e8b465ee728b)  -> (artifact id: '55634d1cce3943c18eb5e8bb5d220935') in 0.058049 seconds
  Import took 0.090184 seconds .

========================================================================
Received Import Request.
  Time since last request: 0.000552 seconds.
  path: Assets/Scenes/SampleScene/ReflectionProbe-8.exr
  artifactKey: Guid(7f20f555bfbdcaa46a2cc1e0075120a5) Importer(815301076,1909f56bfc062723c751e8b465ee728b)
Start importing Assets/Scenes/SampleScene/ReflectionProbe-8.exr using Guid(7f20f555bfbdcaa46a2cc1e0075120a5) Importer(815301076,1909f56bfc062723c751e8b465ee728b)  -> (artifact id: 'dce35167402ff419b75dae9d950b918d') in 0.118778 seconds
  Import took 0.132937 seconds .

========================================================================
Received Import Request.
  Time since last request: 0.000513 seconds.
  path: Assets/Scenes/SampleScene/Lightmap-5_comp_light.exr
  artifactKey: Guid(e573b21707060b24db27d4ae41235d98) Importer(815301076,1909f56bfc062723c751e8b465ee728b)
Start importing Assets/Scenes/SampleScene/Lightmap-5_comp_light.exr using Guid(e573b21707060b24db27d4ae41235d98) Importer(815301076,1909f56bfc062723c751e8b465ee728b)  -> (artifact id: 'd09a3007093932bfa4f6e5f6f2f10c62') in 0.050363 seconds
  Import took 0.071302 seconds .

========================================================================
Received Import Request.
  Time since last request: 0.002099 seconds.
  path: Assets/Art/Textures/General/MarbleFloor_BC.png
  artifactKey: Guid(d5a3a784f37fc8348b05981ce4ff7f0f) Importer(815301076,1909f56bfc062723c751e8b465ee728b)
Start importing Assets/Art/Textures/General/MarbleFloor_BC.png using Guid(d5a3a784f37fc8348b05981ce4ff7f0f) Importer(815301076,1909f56bfc062723c751e8b465ee728b)  -> (artifact id: '74629f54cfdd5a9e2a43b88aef1a0949') in 0.046958 seconds
  Import took 0.071152 seconds .

========================================================================
Received Import Request.
  Time since last request: 0.000886 seconds.
  path: Assets/Art/Textures/General/Drain_MAODS.png
  artifactKey: Guid(6803a8a95b76cb44c9e5cb807d8c1612) Importer(815301076,1909f56bfc062723c751e8b465ee728b)
Start importing Assets/Art/Textures/General/Drain_MAODS.png using Guid(6803a8a95b76cb44c9e5cb807d8c1612) Importer(815301076,1909f56bfc062723c751e8b465ee728b)  -> (artifact id: '6ecff06773a6d60d26a3a4a1096c5afe') in 0.044555 seconds
  Import took 0.064491 seconds .

========================================================================
Received Import Request.
  Time since last request: 0.000481 seconds.
  path: Assets/Scenes/SampleScene/Lightmap-2_comp_light.exr
  artifactKey: Guid(d9af58f1eb18cb041a4746c89ce3eefc) Importer(815301076,1909f56bfc062723c751e8b465ee728b)
Start importing Assets/Scenes/SampleScene/Lightmap-2_comp_light.exr using Guid(d9af58f1eb18cb041a4746c89ce3eefc) Importer(815301076,1909f56bfc062723c751e8b465ee728b)  -> (artifact id: 'b4810d6d0dea3be3b838714b3eb9b480') in 0.063132 seconds
  Import took 0.079283 seconds .

========================================================================
Received Import Request.
  Time since last request: 0.000556 seconds.
  path: Assets/Scenes/SampleScene/ReflectionProbe-2.exr
  artifactKey: Guid(905a1f2fe6a20fe4d8acced09169fea6) Importer(815301076,1909f56bfc062723c751e8b465ee728b)
Start importing Assets/Scenes/SampleScene/ReflectionProbe-2.exr using Guid(905a1f2fe6a20fe4d8acced09169fea6) Importer(815301076,1909f56bfc062723c751e8b465ee728b)  -> (artifact id: '181c5d421743d49367ff8a28080a6523') in 0.338450 seconds
  Import took 0.351681 seconds .

========================================================================
Received Import Request.
  Time since last request: 0.000481 seconds.
  path: Assets/Art/Textures/General/WoodLight_MAODS.png
  artifactKey: Guid(449fd0ed8fda67d468503693b3849926) Importer(815301076,1909f56bfc062723c751e8b465ee728b)
Start importing Assets/Art/Textures/General/WoodLight_MAODS.png using Guid(449fd0ed8fda67d468503693b3849926) Importer(815301076,1909f56bfc062723c751e8b465ee728b)  -> (artifact id: '2143fb6fa34cacd38b9f484d899a2524') in 0.055371 seconds
  Import took 0.075770 seconds .

========================================================================
Received Import Request.
  Time since last request: 0.002106 seconds.
  path: Assets/Scenes/SampleScene/Lightmap-3_comp_light.exr
  artifactKey: Guid(963c286bbf748a6439786c5cdb5206f2) Importer(815301076,1909f56bfc062723c751e8b465ee728b)
Start importing Assets/Scenes/SampleScene/Lightmap-3_comp_light.exr using Guid(963c286bbf748a6439786c5cdb5206f2) Importer(815301076,1909f56bfc062723c751e8b465ee728b)  -> (artifact id: 'cfb2a37ab9960e566d7787aa4be89ed7') in 0.050630 seconds
  Import took 0.075228 seconds .

========================================================================
Received Import Request.
  Time since last request: 0.001917 seconds.
  path: Assets/Art/Textures/General/DecalSheet_01A_MOADS.png
  artifactKey: Guid(875044e800abcbe47985126630618483) Importer(815301076,1909f56bfc062723c751e8b465ee728b)
Start importing Assets/Art/Textures/General/DecalSheet_01A_MOADS.png using Guid(875044e800abcbe47985126630618483) Importer(815301076,1909f56bfc062723c751e8b465ee728b)  -> (artifact id: 'acb9cc50880ac72c4b8dd2b28ecef9bd') in 0.069892 seconds
  Import took 0.101743 seconds .

========================================================================
Received Import Request.
  Time since last request: 0.000453 seconds.
  path: Assets/Art/Textures/General/Fern_01_Normal.png
  artifactKey: Guid(018214c643bf18643ae9648b144fc917) Importer(815301076,1909f56bfc062723c751e8b465ee728b)
Start importing Assets/Art/Textures/General/Fern_01_Normal.png using Guid(018214c643bf18643ae9648b144fc917) Importer(815301076,1909f56bfc062723c751e8b465ee728b)  -> (artifact id: 'a3989aa0b91cdd2b9e25d4dc680d5acb') in 0.048016 seconds
  Import took 0.065126 seconds .

========================================================================
Received Import Request.
  Time since last request: 0.000707 seconds.
  path: Assets/Scenes/SampleScene/ReflectionProbe-9.exr
  artifactKey: Guid(f0e7f0a8b752e40488ce09f05f1ac2f2) Importer(815301076,1909f56bfc062723c751e8b465ee728b)
Start importing Assets/Scenes/SampleScene/ReflectionProbe-9.exr using Guid(f0e7f0a8b752e40488ce09f05f1ac2f2) Importer(815301076,1909f56bfc062723c751e8b465ee728b)  -> (artifact id: '7d2ed5c8852217844c1be89e7e88852f') in 0.121123 seconds
  Import took 0.144723 seconds .

========================================================================
Received Import Request.
  Time since last request: 0.000535 seconds.
  path: Assets/Art/Textures/General/Rubber_M.png
  artifactKey: Guid(7343846adadc0074599d820ce4b23796) Importer(815301076,1909f56bfc062723c751e8b465ee728b)
Start importing Assets/Art/Textures/General/Rubber_M.png using Guid(7343846adadc0074599d820ce4b23796) Importer(815301076,1909f56bfc062723c751e8b465ee728b)  -> (artifact id: 'aae644c0a9f82de4f93e76a0f181834c') in 0.074012 seconds
  Import took 0.089390 seconds .

========================================================================
Received Import Request.
  Time since last request: 0.000454 seconds.
  path: Assets/Scenes/SampleScene/ReflectionProbe-11.exr
  artifactKey: Guid(1b5727504ffe4b247b09ed4502ffc116) Importer(815301076,1909f56bfc062723c751e8b465ee728b)
Start importing Assets/Scenes/SampleScene/ReflectionProbe-11.exr using Guid(1b5727504ffe4b247b09ed4502ffc116) Importer(815301076,1909f56bfc062723c751e8b465ee728b)  -> (artifact id: 'aecb7a9ebf73c7deb8096c1a8a3d21bc') in 0.127648 seconds
  Import took 0.143948 seconds .

========================================================================
Received Import Request.
  Time since last request: 0.000602 seconds.
  path: Assets/Scenes/SampleScene/ReflectionProbe-7.exr
  artifactKey: Guid(db9a1847f2c6ae34c9ec4947ce906bc9) Importer(815301076,1909f56bfc062723c751e8b465ee728b)
Start importing Assets/Scenes/SampleScene/ReflectionProbe-7.exr using Guid(db9a1847f2c6ae34c9ec4947ce906bc9) Importer(815301076,1909f56bfc062723c751e8b465ee728b)  -> (artifact id: 'ac7a30a1073b418511fff82f645c4230') in 0.172847 seconds
  Import took 0.187853 seconds .

========================================================================
Received Import Request.
  Time since last request: 0.000434 seconds.
  path: Assets/Art/Textures/General/ConcreteTaupe_02_MAODS.png
  artifactKey: Guid(912a7363561061045b429752f3524335) Importer(815301076,1909f56bfc062723c751e8b465ee728b)
Start importing Assets/Art/Textures/General/ConcreteTaupe_02_MAODS.png using Guid(912a7363561061045b429752f3524335) Importer(815301076,1909f56bfc062723c751e8b465ee728b)  -> (artifact id: 'f476259e13e5a0516081176ed561254c') in 0.059683 seconds
  Import took 0.081131 seconds .

========================================================================
Received Import Request.
  Time since last request: 0.002092 seconds.
  path: Assets/Art/Textures/General/SandblastMetal_Normal.png
  artifactKey: Guid(f72f5d97ed737e64fb0b173d21dd227a) Importer(815301076,1909f56bfc062723c751e8b465ee728b)
Start importing Assets/Art/Textures/General/SandblastMetal_Normal.png using Guid(f72f5d97ed737e64fb0b173d21dd227a) Importer(815301076,1909f56bfc062723c751e8b465ee728b)  -> (artifact id: 'ae0284da1a3c08f51b69a18405e76f69') in 0.054538 seconds
  Import took 0.083326 seconds .

========================================================================
Received Import Request.
  Time since last request: 0.000677 seconds.
  path: Assets/HDRPDefaultResources/DefaultHDRISky.exr
  artifactKey: Guid(54a3a0570aebe8949bec4966f1376581) Importer(815301076,1909f56bfc062723c751e8b465ee728b)
Start importing Assets/HDRPDefaultResources/DefaultHDRISky.exr using Guid(54a3a0570aebe8949bec4966f1376581) Importer(815301076,1909f56bfc062723c751e8b465ee728b)  -> (artifact id: 'e2de540675ea38e23eb40bf3ac2b4ab4') in 0.084153 seconds
  Import took 0.110744 seconds .

========================================================================
Received Import Request.
  Time since last request: 0.000505 seconds.
  path: Assets/Art/Textures/General/ConcreteSmooth_Normal.png
  artifactKey: Guid(5dab167b145f43a4f9498319685de109) Importer(815301076,1909f56bfc062723c751e8b465ee728b)
Start importing Assets/Art/Textures/General/ConcreteSmooth_Normal.png using Guid(5dab167b145f43a4f9498319685de109) Importer(815301076,1909f56bfc062723c751e8b465ee728b)  -> (artifact id: '3b0167a377214137fee7cdb307711a98') in 0.089531 seconds
  Import took 0.105836 seconds .

========================================================================
Received Import Request.
  Time since last request: 0.000555 seconds.
  path: Assets/Art/Textures/General/WoodLight_DetailMap.png
  artifactKey: Guid(903a1b0a71996484683b058c393d95d5) Importer(815301076,1909f56bfc062723c751e8b465ee728b)
Start importing Assets/Art/Textures/General/WoodLight_DetailMap.png using Guid(903a1b0a71996484683b058c393d95d5) Importer(815301076,1909f56bfc062723c751e8b465ee728b)  -> (artifact id: '99cc7e137234b32e330291054d2d3e0b') in 0.093524 seconds
  Import took 0.112219 seconds .

========================================================================
Received Import Request.
  Time since last request: 0.000545 seconds.
  path: Assets/Art/Textures/General/Drain_Albedo.png
  artifactKey: Guid(32b7fa2fb1f076a429544d2574b26852) Importer(815301076,1909f56bfc062723c751e8b465ee728b)
Start importing Assets/Art/Textures/General/Drain_Albedo.png using Guid(32b7fa2fb1f076a429544d2574b26852) Importer(815301076,1909f56bfc062723c751e8b465ee728b)  -> (artifact id: 'a97f7afa59e6115d709b72b243c71779') in 0.086543 seconds
  Import took 0.109284 seconds .

========================================================================
Received Import Request.
  Time since last request: 0.000555 seconds.
  path: Assets/Art/Textures/General/Drain_Normal.png
  artifactKey: Guid(bef180c5d187f6442b7312284cfb67a5) Importer(815301076,1909f56bfc062723c751e8b465ee728b)
Start importing Assets/Art/Textures/General/Drain_Normal.png using Guid(bef180c5d187f6442b7312284cfb67a5) Importer(815301076,1909f56bfc062723c751e8b465ee728b)  -> (artifact id: '65ffaf9cb93b544fdc2fbaa8dfda0738') in 0.086991 seconds
  Import took 0.102894 seconds .

========================================================================
Received Import Request.
  Time since last request: 0.000537 seconds.
  path: Assets/Art/Textures/General/ConcreteTaupe_02_DetailMap.png
  artifactKey: Guid(4862aa5e01ca94340941228f6ca84295) Importer(815301076,1909f56bfc062723c751e8b465ee728b)
Start importing Assets/Art/Textures/General/ConcreteTaupe_02_DetailMap.png using Guid(4862aa5e01ca94340941228f6ca84295) Importer(815301076,1909f56bfc062723c751e8b465ee728b)  -> (artifact id: '069044af32f7bc928d94840edbe87280') in 0.064205 seconds
  Import took 0.089260 seconds .

========================================================================
Received Import Request.
  Time since last request: 0.000819 seconds.
  path: Assets/Art/Textures/General/Bamboo_A_Normal.png
  artifactKey: Guid(c92c870449b56f94f9a1fc7573e5f791) Importer(815301076,1909f56bfc062723c751e8b465ee728b)
Start importing Assets/Art/Textures/General/Bamboo_A_Normal.png using Guid(c92c870449b56f94f9a1fc7573e5f791) Importer(815301076,1909f56bfc062723c751e8b465ee728b)  -> (artifact id: 'd5560c44089267aed7594cb1c3b86fe1') in 0.046128 seconds
  Import took 0.125010 seconds .

========================================================================
Received Import Request.
  Time since last request: 0.001024 seconds.
  path: Assets/Art/Textures/General/WoodLight_Normal.png
  artifactKey: Guid(96c8cb799a1a9db49ac4ced89b731203) Importer(815301076,1909f56bfc062723c751e8b465ee728b)
Start importing Assets/Art/Textures/General/WoodLight_Normal.png using Guid(96c8cb799a1a9db49ac4ced89b731203) Importer(815301076,1909f56bfc062723c751e8b465ee728b)  -> (artifact id: '25d9bc4d745a62bbcdd6a58f34fa26e1') in 0.106228 seconds
  Import took 0.160451 seconds .

========================================================================
Received Import Request.
  Time since last request: 0.000569 seconds.
  path: Assets/Art/Textures/General/Bamboo_A_Height.png
  artifactKey: Guid(653861b580438e1429c55953041fab8a) Importer(815301076,1909f56bfc062723c751e8b465ee728b)
Start importing Assets/Art/Textures/General/Bamboo_A_Height.png using Guid(653861b580438e1429c55953041fab8a) Importer(815301076,1909f56bfc062723c751e8b465ee728b)  -> (artifact id: '4b22165b75c10e020caedb5f1980b06e') in 0.053126 seconds
  Import took 0.078846 seconds .

========================================================================
Received Import Request.
  Time since last request: 0.000761 seconds.
  path: Assets/Scenes/SampleScene/ReflectionProbe-6.exr
  artifactKey: Guid(bcc5d397b6334c64dab068d6bb859803) Importer(815301076,1909f56bfc062723c751e8b465ee728b)
Start importing Assets/Scenes/SampleScene/ReflectionProbe-6.exr using Guid(bcc5d397b6334c64dab068d6bb859803) Importer(815301076,1909f56bfc062723c751e8b465ee728b)  -> (artifact id: 'ce87d42f8081d4c85a75f8c9cf31b304') in 0.145288 seconds
  Import took 0.174173 seconds .

========================================================================
Received Import Request.
  Time since last request: 0.000540 seconds.
  path: Assets/Art/Textures/General/Fern_01_Albedo.png
  artifactKey: Guid(6da591420c95bbe4bb43b39c060602d6) Importer(815301076,1909f56bfc062723c751e8b465ee728b)
Start importing Assets/Art/Textures/General/Fern_01_Albedo.png using Guid(6da591420c95bbe4bb43b39c060602d6) Importer(815301076,1909f56bfc062723c751e8b465ee728b)  -> (artifact id: '311f82b714d6349d481cb046a34ffed9') in 0.092259 seconds
  Import took 0.107164 seconds .

========================================================================
Received Import Request.
  Time since last request: 0.000482 seconds.
  path: Assets/Scenes/SampleScene/Lightmap-4_comp_light.exr
  artifactKey: Guid(1a271bbc6f1485d4bad5874ca8455069) Importer(815301076,1909f56bfc062723c751e8b465ee728b)
Start importing Assets/Scenes/SampleScene/Lightmap-4_comp_light.exr using Guid(1a271bbc6f1485d4bad5874ca8455069) Importer(815301076,1909f56bfc062723c751e8b465ee728b)  -> (artifact id: 'ee46d0f6b7436468785e9e43a228c637') in 0.110575 seconds
  Import took 0.128473 seconds .

========================================================================
Received Import Request.
  Time since last request: 0.000661 seconds.
  path: Assets/Art/Textures/General/ConcreteRough_Albedo.png
  artifactKey: Guid(b474a739586db374ab8f3851f7c7295c) Importer(815301076,1909f56bfc062723c751e8b465ee728b)
Start importing Assets/Art/Textures/General/ConcreteRough_Albedo.png using Guid(b474a739586db374ab8f3851f7c7295c) Importer(815301076,1909f56bfc062723c751e8b465ee728b)  -> (artifact id: '39f49c4ab4f1f12875970cbb4c01dd0a') in 0.090952 seconds
  Import took 0.108373 seconds .

========================================================================
Received Import Request.
  Time since last request: 0.000564 seconds.
  path: Assets/Art/Textures/VFX/ButterFlies_8x1.png
  artifactKey: Guid(bd8ecf28fc2ab684fa1a57ee707e5214) Importer(815301076,1909f56bfc062723c751e8b465ee728b)
Start importing Assets/Art/Textures/VFX/ButterFlies_8x1.png using Guid(bd8ecf28fc2ab684fa1a57ee707e5214) Importer(815301076,1909f56bfc062723c751e8b465ee728b)  -> (artifact id: 'ab129a4956ed56cdb62e383b9a44a48b') in 0.064801 seconds
  Import took 0.091937 seconds .

========================================================================
Received Import Request.
  Time since last request: 0.000476 seconds.
  path: Assets/Art/Textures/VFX/Dust.png
  artifactKey: Guid(e8f538c119b363e4eadafd64ec9a697c) Importer(815301076,1909f56bfc062723c751e8b465ee728b)
Start importing Assets/Art/Textures/VFX/Dust.png using Guid(e8f538c119b363e4eadafd64ec9a697c) Importer(815301076,1909f56bfc062723c751e8b465ee728b)  -> (artifact id: '82893f59499352cd3ea6f9b2e25ff843') in 0.092494 seconds
  Import took 0.113581 seconds .

========================================================================
Received Import Request.
  Time since last request: 0.000496 seconds.
  path: Assets/Art/Textures/General/ConcreteMatteGrey_Albedo.png
  artifactKey: Guid(218a2347bc3ab2f4a90790e60b49b388) Importer(815301076,1909f56bfc062723c751e8b465ee728b)
Start importing Assets/Art/Textures/General/ConcreteMatteGrey_Albedo.png using Guid(218a2347bc3ab2f4a90790e60b49b388) Importer(815301076,1909f56bfc062723c751e8b465ee728b)  -> (artifact id: '405c9a5bb61feae2df329e6c6465d2d5') in 0.066490 seconds
  Import took 0.097661 seconds .

========================================================================
Received Import Request.
  Time since last request: 0.000623 seconds.
  path: Assets/Scenes/SampleScene/Lightmap-0_comp_dir.png
  artifactKey: Guid(e79ebf6f6991fea40acf25281ea394e1) Importer(815301076,1909f56bfc062723c751e8b465ee728b)
Start importing Assets/Scenes/SampleScene/Lightmap-0_comp_dir.png using Guid(e79ebf6f6991fea40acf25281ea394e1) Importer(815301076,1909f56bfc062723c751e8b465ee728b)  -> (artifact id: '6d973dae923b155c9623ecaf56fbe817') in 0.090149 seconds
  Import took 0.105555 seconds .

========================================================================
Received Import Request.
  Time since last request: 0.000631 seconds.
  path: Assets/Art/Textures/General/Rubber_N.png
  artifactKey: Guid(8bd4e7ade2fb9b44b9271f1a6e5056c8) Importer(815301076,1909f56bfc062723c751e8b465ee728b)
Start importing Assets/Art/Textures/General/Rubber_N.png using Guid(8bd4e7ade2fb9b44b9271f1a6e5056c8) Importer(815301076,1909f56bfc062723c751e8b465ee728b)  -> (artifact id: '1e5bb0099ddfcc52d091c5e6798433b0') in 0.049619 seconds
  Import took 0.072560 seconds .

========================================================================
Received Import Request.
  Time since last request: 0.000794 seconds.
  path: Assets/Art/Textures/General/ConcretePolished_DetailMap.png
  artifactKey: Guid(402efc12270e7ab4d8d599454be2cef5) Importer(815301076,1909f56bfc062723c751e8b465ee728b)
Start importing Assets/Art/Textures/General/ConcretePolished_DetailMap.png using Guid(402efc12270e7ab4d8d599454be2cef5) Importer(815301076,1909f56bfc062723c751e8b465ee728b)  -> (artifact id: 'e5081f2ee43f7522f738c7ec178666fe') in 0.050639 seconds
  Import took 0.081404 seconds .

========================================================================
Received Import Request.
  Time since last request: 0.000695 seconds.
  path: Assets/Art/Textures/General/Fabric_Albedo.png
  artifactKey: Guid(4979da18f5375524bbe219a2fc4f1900) Importer(815301076,1909f56bfc062723c751e8b465ee728b)
Start importing Assets/Art/Textures/General/Fabric_Albedo.png using Guid(4979da18f5375524bbe219a2fc4f1900) Importer(815301076,1909f56bfc062723c751e8b465ee728b)  -> (artifact id: '67489a772f3a172870c829f079322f35') in 0.053874 seconds
  Import took 0.090555 seconds .

========================================================================
Received Import Request.
  Time since last request: 0.002934 seconds.
  path: Assets/Art/Textures/General/Bamboo_A_Thickness.png
  artifactKey: Guid(f6e15ec362c60e74cb03d3353528f79c) Importer(815301076,1909f56bfc062723c751e8b465ee728b)
Start importing Assets/Art/Textures/General/Bamboo_A_Thickness.png using Guid(f6e15ec362c60e74cb03d3353528f79c) Importer(815301076,1909f56bfc062723c751e8b465ee728b)  -> (artifact id: '41d9bd8dc0372db9b963da392e297795') in 0.065803 seconds
  Import took 0.093966 seconds .

========================================================================
Received Import Request.
  Time since last request: 0.000513 seconds.
  path: Assets/Art/Textures/General/ConcreteMatteGrey_Normal.png
  artifactKey: Guid(220d1c644e262794d9fff5f4c5543142) Importer(815301076,1909f56bfc062723c751e8b465ee728b)
Start importing Assets/Art/Textures/General/ConcreteMatteGrey_Normal.png using Guid(220d1c644e262794d9fff5f4c5543142) Importer(815301076,1909f56bfc062723c751e8b465ee728b)  -> (artifact id: '73fcb74656555fa0b21d75fe472c8e94') in 0.070933 seconds
  Import took 0.097341 seconds .

========================================================================
Received Import Request.
  Time since last request: 0.000506 seconds.
  path: Assets/Scenes/SampleScene/Lightmap-0_comp_light.exr
  artifactKey: Guid(4bdbbe899c5dc0e4a89ae2694443559e) Importer(815301076,1909f56bfc062723c751e8b465ee728b)
Start importing Assets/Scenes/SampleScene/Lightmap-0_comp_light.exr using Guid(4bdbbe899c5dc0e4a89ae2694443559e) Importer(815301076,1909f56bfc062723c751e8b465ee728b)  -> (artifact id: '44b26d70c4119bd7eb3062d40fd89b38') in 0.082117 seconds
  Import took 0.102305 seconds .

========================================================================
Received Import Request.
  Time since last request: 0.000561 seconds.
  path: Assets/Art/Textures/General/Bush_01_MAODS.png
  artifactKey: Guid(5618ce3251344d743a4f94e92a46e6b5) Importer(815301076,1909f56bfc062723c751e8b465ee728b)
Start importing Assets/Art/Textures/General/Bush_01_MAODS.png using Guid(5618ce3251344d743a4f94e92a46e6b5) Importer(815301076,1909f56bfc062723c751e8b465ee728b)  -> (artifact id: 'd63f72252be3ed8500f8c05da0a830fd') in 0.054102 seconds
  Import took 0.077086 seconds .

========================================================================
Received Import Request.
  Time since last request: 0.001793 seconds.
  path: Assets/Scenes/SampleScene/ReflectionProbe-13.exr
  artifactKey: Guid(5b4b9c42474fea44ea71f98dbbbf883a) Importer(815301076,1909f56bfc062723c751e8b465ee728b)
Start importing Assets/Scenes/SampleScene/ReflectionProbe-13.exr using Guid(5b4b9c42474fea44ea71f98dbbbf883a) Importer(815301076,1909f56bfc062723c751e8b465ee728b)  -> (artifact id: 'cba89ddb2c00a1e371ee8f65edd4c3b9') in 0.147666 seconds
  Import took 0.169049 seconds .

========================================================================
Received Import Request.
  Time since last request: 0.000550 seconds.
  path: Assets/Art/Textures/General/Bamboo_A_MaskMap.png
  artifactKey: Guid(0081f8fb9bc44a0448c0276d234cd68d) Importer(815301076,1909f56bfc062723c751e8b465ee728b)
Start importing Assets/Art/Textures/General/Bamboo_A_MaskMap.png using Guid(0081f8fb9bc44a0448c0276d234cd68d) Importer(815301076,1909f56bfc062723c751e8b465ee728b)  -> (artifact id: '60d0f03ee00ba07ad512c277d1349c97') in 0.339670 seconds
  Import took 0.380465 seconds .

========================================================================
Received Import Request.
  Time since last request: 0.001423 seconds.
  path: Assets/Art/Textures/General/ConcreteHoles_MAODS.png
  artifactKey: Guid(3c37174c3fa9e7646b00e37ea0871adc) Importer(815301076,1909f56bfc062723c751e8b465ee728b)
Start importing Assets/Art/Textures/General/ConcreteHoles_MAODS.png using Guid(3c37174c3fa9e7646b00e37ea0871adc) Importer(815301076,1909f56bfc062723c751e8b465ee728b)  -> (artifact id: 'ed594639be8723355b6b6f9c9e0b6601') in 0.089530 seconds
  Import took 0.122564 seconds .

========================================================================
Received Import Request.
  Time since last request: 0.000585 seconds.
  path: Assets/Art/Textures/General/ConcretePolished_Albedo.png
  artifactKey: Guid(1f625b5dff84a4b4fa20cebcb4146d3a) Importer(815301076,1909f56bfc062723c751e8b465ee728b)
Start importing Assets/Art/Textures/General/ConcretePolished_Albedo.png using Guid(1f625b5dff84a4b4fa20cebcb4146d3a) Importer(815301076,1909f56bfc062723c751e8b465ee728b)  -> (artifact id: '04378b7b593cbbd6f62465a64042bdb1') in 0.113687 seconds
  Import took 0.156434 seconds .

========================================================================
Received Import Request.
  Time since last request: 0.000617 seconds.
  path: Assets/Art/Textures/General/Ground_Normal.png
  artifactKey: Guid(e244b2d408d890041b34921c157b70eb) Importer(815301076,1909f56bfc062723c751e8b465ee728b)
Start importing Assets/Art/Textures/General/Ground_Normal.png using Guid(e244b2d408d890041b34921c157b70eb) Importer(815301076,1909f56bfc062723c751e8b465ee728b)  -> (artifact id: '542f716f965d64889830931b65604117') in 0.156853 seconds
  Import took 0.209854 seconds .

========================================================================
Received Import Request.
  Time since last request: 0.000627 seconds.
  path: Assets/Scenes/SampleScene/ReflectionProbe-5.exr
  artifactKey: Guid(84decc14d3cf01c45ad713670f164cb6) Importer(815301076,1909f56bfc062723c751e8b465ee728b)
Start importing Assets/Scenes/SampleScene/ReflectionProbe-5.exr using Guid(84decc14d3cf01c45ad713670f164cb6) Importer(815301076,1909f56bfc062723c751e8b465ee728b)  -> (artifact id: '32084e1885b41a956a2e284a5a945c36') in 0.389400 seconds
  Import took 0.419351 seconds .

========================================================================
Received Import Request.
  Time since last request: 0.001061 seconds.
  path: Assets/CoffeeSteam/WispySmoke03c_8x8_distortion.tga
  artifactKey: Guid(6a6ced71760216a4db7328f8e8d7ecb5) Importer(815301076,1909f56bfc062723c751e8b465ee728b)
Start importing Assets/CoffeeSteam/WispySmoke03c_8x8_distortion.tga using Guid(6a6ced71760216a4db7328f8e8d7ecb5) Importer(815301076,1909f56bfc062723c751e8b465ee728b)  -> (artifact id: 'be5fe144661322a17d8fd53e53a6af54') in 0.120253 seconds
  Import took 0.164856 seconds .

========================================================================
Received Import Request.
  Time since last request: 0.000685 seconds.
  path: Assets/Art/Textures/General/ConcreteRough_DetailMap.png
  artifactKey: Guid(ca33ff158a9699d4dacba15d141de285) Importer(815301076,1909f56bfc062723c751e8b465ee728b)
Start importing Assets/Art/Textures/General/ConcreteRough_DetailMap.png using Guid(ca33ff158a9699d4dacba15d141de285) Importer(815301076,1909f56bfc062723c751e8b465ee728b)  -> (artifact id: 'd524482540d4d53d7c0415bbd99fb604') in 0.077729 seconds
  Import took 0.124919 seconds .

========================================================================
Received Import Request.
  Time since last request: 0.001261 seconds.
  path: Assets/Scenes/SampleScene/ReflectionProbe-15.exr
  artifactKey: Guid(d618aadf2e4bb7f4980187df5bb35a33) Importer(815301076,1909f56bfc062723c751e8b465ee728b)
Start importing Assets/Scenes/SampleScene/ReflectionProbe-15.exr using Guid(d618aadf2e4bb7f4980187df5bb35a33) Importer(815301076,1909f56bfc062723c751e8b465ee728b)  -> (artifact id: '856fb0dfad15ac90e5ed2d323939d074') in 0.244389 seconds
  Import took 0.287139 seconds .

========================================================================
Received Import Request.
  Time since last request: 0.000853 seconds.
  path: Assets/Scenes/SampleScene/ReflectionProbe-14.exr
  artifactKey: Guid(ca4b1069cf1d52643a18ad7e7c7d0397) Importer(815301076,1909f56bfc062723c751e8b465ee728b)
Start importing Assets/Scenes/SampleScene/ReflectionProbe-14.exr using Guid(ca4b1069cf1d52643a18ad7e7c7d0397) Importer(815301076,1909f56bfc062723c751e8b465ee728b)  -> (artifact id: '222aaaeecfca8352b8935b34660a98ea') in 0.276922 seconds
  Import took 0.326238 seconds .

========================================================================
Received Import Request.
  Time since last request: 0.000474 seconds.
  path: Assets/Art/Textures/General/ConcreteSmooth_MAODS.png
  artifactKey: Guid(0a02ce20803245d45819e67107a84381) Importer(815301076,1909f56bfc062723c751e8b465ee728b)
Start importing Assets/Art/Textures/General/ConcreteSmooth_MAODS.png using Guid(0a02ce20803245d45819e67107a84381) Importer(815301076,1909f56bfc062723c751e8b465ee728b)  -> (artifact id: 'dfad0201be4b8fee0481dd8f5d6157d2') in 0.082287 seconds
  Import took 0.121439 seconds .

========================================================================
Received Import Request.
  Time since last request: 0.001711 seconds.
  path: Assets/Scenes/SampleScene/ReflectionProbe-16.exr
  artifactKey: Guid(88fccc25d08980c48afb6996a4818e81) Importer(815301076,1909f56bfc062723c751e8b465ee728b)
Start importing Assets/Scenes/SampleScene/ReflectionProbe-16.exr using Guid(88fccc25d08980c48afb6996a4818e81) Importer(815301076,1909f56bfc062723c751e8b465ee728b)  -> (artifact id: '7c70bc84fdefb2bb5200c9f35987508f') in 0.265876 seconds
  Import took 0.306574 seconds .

========================================================================
Received Import Request.
  Time since last request: 0.000903 seconds.
  path: Assets/Art/Textures/General/MarbleFloor_Normal.png
  artifactKey: Guid(ce933628a0d8b1e44bcecaed849d39d6) Importer(815301076,1909f56bfc062723c751e8b465ee728b)
Start importing Assets/Art/Textures/General/MarbleFloor_Normal.png using Guid(ce933628a0d8b1e44bcecaed849d39d6) Importer(815301076,1909f56bfc062723c751e8b465ee728b)  -> (artifact id: '796d7913f891dba9de73efd5175cbe44') in 0.123764 seconds
  Import took 0.161864 seconds .

========================================================================
Received Import Request.
  Time since last request: 0.001240 seconds.
  path: Assets/Art/Textures/General/ConcretePolished_MAODS.png
  artifactKey: Guid(5462461448baad44ebff238191c85a2d) Importer(815301076,1909f56bfc062723c751e8b465ee728b)
Start importing Assets/Art/Textures/General/ConcretePolished_MAODS.png using Guid(5462461448baad44ebff238191c85a2d) Importer(815301076,1909f56bfc062723c751e8b465ee728b)  -> (artifact id: '59573bc3da8036eea78016bd54e8cf4b') in 0.079651 seconds
  Import took 0.120647 seconds .

========================================================================
Received Import Request.
  Time since last request: 0.000676 seconds.
  path: Assets/Art/Textures/General/Fabric_MAODS.png
  artifactKey: Guid(500a00ffd0d96724eba029d2f61b5708) Importer(815301076,1909f56bfc062723c751e8b465ee728b)
Start importing Assets/Art/Textures/General/Fabric_MAODS.png using Guid(500a00ffd0d96724eba029d2f61b5708) Importer(815301076,1909f56bfc062723c751e8b465ee728b)  -> (artifact id: '04927efc3b03dd3a80d4c84b5a07194b') in 0.081908 seconds
  Import took 0.131129 seconds .

========================================================================
Received Import Request.
  Time since last request: 0.000672 seconds.
  path: Assets/Art/Textures/General/ConcreteRough_MAODS.png
  artifactKey: Guid(d2a4e8cbaf150bd4da04ea6b4f5ca2a5) Importer(815301076,1909f56bfc062723c751e8b465ee728b)
Start importing Assets/Art/Textures/General/ConcreteRough_MAODS.png using Guid(d2a4e8cbaf150bd4da04ea6b4f5ca2a5) Importer(815301076,1909f56bfc062723c751e8b465ee728b)  -> (artifact id: '716f48e3077bdf51894bde42d0964da6') in 0.083580 seconds
  Import took 0.131579 seconds .

========================================================================
Received Import Request.
  Time since last request: 0.000754 seconds.
  path: Assets/TutorialInfo/Icons/Help_Icon.png
  artifactKey: Guid(9266273b8f123004195741f969177dda) Importer(815301076,1909f56bfc062723c751e8b465ee728b)
Start importing Assets/TutorialInfo/Icons/Help_Icon.png using Guid(9266273b8f123004195741f969177dda) Importer(815301076,1909f56bfc062723c751e8b465ee728b)  -> (artifact id: '90afa9a748a762c3d37e4029ab2067e1') in 0.071171 seconds
  Import took 0.109553 seconds .

========================================================================
Received Import Request.
  Time since last request: 0.000789 seconds.
  path: Assets/Art/Textures/General/Brass_Normal.png
  artifactKey: Guid(859b2995968925148b3bf58b641f49ad) Importer(815301076,1909f56bfc062723c751e8b465ee728b)
Start importing Assets/Art/Textures/General/Brass_Normal.png using Guid(859b2995968925148b3bf58b641f49ad) Importer(815301076,1909f56bfc062723c751e8b465ee728b)  -> (artifact id: 'a65f6e36ff2d95b8bc28b673c5c4208e') in 0.085994 seconds
  Import took 0.138115 seconds .

========================================================================
Received Import Request.
  Time since last request: 0.010418 seconds.
  path: Assets/Scenes/SampleScene/Lightmap-3_comp_dir.png
  artifactKey: Guid(1303668a41ce5dc48b7bf699c4148df2) Importer(815301076,1909f56bfc062723c751e8b465ee728b)
Start importing Assets/Scenes/SampleScene/Lightmap-3_comp_dir.png using Guid(1303668a41ce5dc48b7bf699c4148df2) Importer(815301076,1909f56bfc062723c751e8b465ee728b)  -> (artifact id: '9a23c78c28f793d7e10a26d25f0a7a01') in 0.093859 seconds
  Import took 0.131425 seconds .

========================================================================
Received Import Request.
  Time since last request: 0.000946 seconds.
  path: Assets/Art/Textures/General/ConcreteHoles_Albedo.png
  artifactKey: Guid(2b99f0294fbead04c982891ea9dffe34) Importer(815301076,1909f56bfc062723c751e8b465ee728b)
Start importing Assets/Art/Textures/General/ConcreteHoles_Albedo.png using Guid(2b99f0294fbead04c982891ea9dffe34) Importer(815301076,1909f56bfc062723c751e8b465ee728b)  -> (artifact id: 'cff3dc836dc9afaa938eb42e2aa01bb9') in 0.141805 seconds
  Import took 0.170515 seconds .

========================================================================
Received Import Request.
  Time since last request: 0.000777 seconds.
  path: Assets/Art/Textures/General/Fabric_Normal.png
  artifactKey: Guid(f405b09ae172b7142abe821e0c6dad19) Importer(815301076,1909f56bfc062723c751e8b465ee728b)
Start importing Assets/Art/Textures/General/Fabric_Normal.png using Guid(f405b09ae172b7142abe821e0c6dad19) Importer(815301076,1909f56bfc062723c751e8b465ee728b)  -> (artifact id: '475ec212bc3500ce88300812bc2ad073') in 0.112718 seconds
  Import took 0.147955 seconds .

========================================================================
Received Import Request.
  Time since last request: 0.002677 seconds.
  path: Assets/Scenes/SampleScene/Lightmap-5_comp_dir.png
  artifactKey: Guid(12958dd54f1b2f140b49115d3f5e2c81) Importer(815301076,1909f56bfc062723c751e8b465ee728b)
Start importing Assets/Scenes/SampleScene/Lightmap-5_comp_dir.png using Guid(12958dd54f1b2f140b49115d3f5e2c81) Importer(815301076,1909f56bfc062723c751e8b465ee728b)  -> (artifact id: '2f1c115e130e1792b688c293e279bd84') in 0.163445 seconds
  Import took 0.206807 seconds .

========================================================================
Received Import Request.
  Time since last request: 0.000961 seconds.
  path: Assets/Art/Textures/General/Plant_C_Normal.png
  artifactKey: Guid(c3d4c8f8ff732c144b4ce7ee3f03554f) Importer(815301076,1909f56bfc062723c751e8b465ee728b)
Start importing Assets/Art/Textures/General/Plant_C_Normal.png using Guid(c3d4c8f8ff732c144b4ce7ee3f03554f) Importer(815301076,1909f56bfc062723c751e8b465ee728b)  -> (artifact id: '65da0171ca4dd7b49e567bbbad9017b4') in 0.076750 seconds
  Import took 0.107987 seconds .

========================================================================
Received Import Request.
  Time since last request: 0.000968 seconds.
  path: Assets/Art/Textures/General/Rubber_BC.png
  artifactKey: Guid(6d9beadd74e02964c8cb5b19a3f3ea41) Importer(815301076,1909f56bfc062723c751e8b465ee728b)
Start importing Assets/Art/Textures/General/Rubber_BC.png using Guid(6d9beadd74e02964c8cb5b19a3f3ea41) Importer(815301076,1909f56bfc062723c751e8b465ee728b)  -> (artifact id: 'feed2f5656a9be8264c639238ef2c5d8') in 0.092496 seconds
  Import took 0.129102 seconds .

========================================================================
Received Import Request.
  Time since last request: 0.001573 seconds.
  path: Assets/Scenes/SampleScene/ReflectionProbe-3.exr
  artifactKey: Guid(d4035d0729cbed243b8628139d0aa2a3) Importer(815301076,1909f56bfc062723c751e8b465ee728b)
Start importing Assets/Scenes/SampleScene/ReflectionProbe-3.exr using Guid(d4035d0729cbed243b8628139d0aa2a3) Importer(815301076,1909f56bfc062723c751e8b465ee728b)  -> (artifact id: 'df6ca72617a4eec06f8aa742796c6970') in 0.306190 seconds
  Import took 0.337224 seconds .

========================================================================
Received Import Request.
  Time since last request: 0.001103 seconds.
  path: Assets/Art/Textures/General/Fern_01_MAODS.png
  artifactKey: Guid(5cc84c9d58469314e83fe0a784b51fdb) Importer(815301076,1909f56bfc062723c751e8b465ee728b)
Start importing Assets/Art/Textures/General/Fern_01_MAODS.png using Guid(5cc84c9d58469314e83fe0a784b51fdb) Importer(815301076,1909f56bfc062723c751e8b465ee728b)  -> (artifact id: 'a81ed7bf28283f2e512ed9f8a476a3b4') in 0.092647 seconds
  Import took 0.132175 seconds .

========================================================================
Received Import Request.
  Time since last request: 0.001346 seconds.
  path: Assets/Art/Textures/DensityVolumeTextures/3d_fractal_noise_sample01.tga
  artifactKey: Guid(836429d92e1b49443b7743362fdeb1fe) Importer(815301076,1909f56bfc062723c751e8b465ee728b)
Start importing Assets/Art/Textures/DensityVolumeTextures/3d_fractal_noise_sample01.tga using Guid(836429d92e1b49443b7743362fdeb1fe) Importer(815301076,1909f56bfc062723c751e8b465ee728b)  -> (artifact id: '99005dcbcc486910996a4a59724b8865') in 0.201768 seconds
  Import took 0.253485 seconds .

========================================================================
Received Import Request.
  Time since last request: 0.000917 seconds.
  path: Assets/Art/Textures/General/WoodLight_Albedo.png
  artifactKey: Guid(2c8323241f237fa408e40b18b68f5c1b) Importer(815301076,1909f56bfc062723c751e8b465ee728b)
Start importing Assets/Art/Textures/General/WoodLight_Albedo.png using Guid(2c8323241f237fa408e40b18b68f5c1b) Importer(815301076,1909f56bfc062723c751e8b465ee728b)  -> (artifact id: '81825c8aae46a0e2082ed3e937e714c4') in 0.133968 seconds
  Import took 0.167207 seconds .

========================================================================
Received Import Request.
  Time since last request: 0.001979 seconds.
  path: Assets/Art/Textures/General/WoodCounter_MAODS.png
  artifactKey: Guid(1b0247db106835147a9d26955fe0fdbb) Importer(815301076,1909f56bfc062723c751e8b465ee728b)
Start importing Assets/Art/Textures/General/WoodCounter_MAODS.png using Guid(1b0247db106835147a9d26955fe0fdbb) Importer(815301076,1909f56bfc062723c751e8b465ee728b)  -> (artifact id: '3142df0819862d0cbb469b322cc01af5') in 0.128969 seconds
  Import took 0.166360 seconds .

========================================================================
Received Import Request.
  Time since last request: 0.000642 seconds.
  path: Assets/Art/Textures/General/Ground_MAODS.png
  artifactKey: Guid(94d001f430af3964bb8a91bfa7e6d197) Importer(815301076,1909f56bfc062723c751e8b465ee728b)
Start importing Assets/Art/Textures/General/Ground_MAODS.png using Guid(94d001f430af3964bb8a91bfa7e6d197) Importer(815301076,1909f56bfc062723c751e8b465ee728b)  -> (artifact id: '6d9cb8db7ede5ad70040a878c763c91f') in 0.095031 seconds
  Import took 0.140848 seconds .

========================================================================
Received Import Request.
  Time since last request: 0.000698 seconds.
  path: Assets/CoffeeSteam/Cloud02_8x8.tga
  artifactKey: Guid(f80450b5a6e3b4345978486948a63771) Importer(815301076,1909f56bfc062723c751e8b465ee728b)
Start importing Assets/CoffeeSteam/Cloud02_8x8.tga using Guid(f80450b5a6e3b4345978486948a63771) Importer(815301076,1909f56bfc062723c751e8b465ee728b)  -> (artifact id: 'ca628bc6109792491920a38c112a168e') in 0.079322 seconds
  Import took 0.107272 seconds .

========================================================================
Received Import Request.
  Time since last request: 0.000815 seconds.
  path: Assets/Art/Textures/General/MetalBlack_Albedo.png
  artifactKey: Guid(de91ca4c8b4608349819a40acac819e6) Importer(815301076,1909f56bfc062723c751e8b465ee728b)
Start importing Assets/Art/Textures/General/MetalBlack_Albedo.png using Guid(de91ca4c8b4608349819a40acac819e6) Importer(815301076,1909f56bfc062723c751e8b465ee728b)  -> (artifact id: 'c14755b3c3c1d04684d00a226849beec') in 0.086384 seconds
  Import took 0.107462 seconds .

========================================================================
Received Import Request.
  Time since last request: 0.000692 seconds.
  path: Assets/Art/Textures/General/ConcreteHoles_DetailMap.png
  artifactKey: Guid(e29d5dd2ec8d21644bfc76132a215c85) Importer(815301076,1909f56bfc062723c751e8b465ee728b)
Start importing Assets/Art/Textures/General/ConcreteHoles_DetailMap.png using Guid(e29d5dd2ec8d21644bfc76132a215c85) Importer(815301076,1909f56bfc062723c751e8b465ee728b)  -> (artifact id: '245c43dfed84994a8b5b0b9d0ae41b8d') in 0.089621 seconds
  Import took 0.115361 seconds .

========================================================================
Received Import Request.
  Time since last request: 0.000495 seconds.
  path: Assets/Art/Textures/General/MetalBlack_Normal.png
  artifactKey: Guid(50e506fbbc39c2d4f9aa6da614c479b2) Importer(815301076,1909f56bfc062723c751e8b465ee728b)
Start importing Assets/Art/Textures/General/MetalBlack_Normal.png using Guid(50e506fbbc39c2d4f9aa6da614c479b2) Importer(815301076,1909f56bfc062723c751e8b465ee728b)  -> (artifact id: '1d2d484b226f68fda3cc43dd22b57dae') in 0.119022 seconds
  Import took 0.149362 seconds .

========================================================================
Received Import Request.
  Time since last request: 0.001075 seconds.
  path: Assets/Art/Textures/General/DecalPuddle_01_Albedo.png
  artifactKey: Guid(fa8928ff6cd67b74a93780ae9e05ce67) Importer(815301076,1909f56bfc062723c751e8b465ee728b)
Start importing Assets/Art/Textures/General/DecalPuddle_01_Albedo.png using Guid(fa8928ff6cd67b74a93780ae9e05ce67) Importer(815301076,1909f56bfc062723c751e8b465ee728b)  -> (artifact id: 'e8fdbccb9dca578635192820dc731885') in 0.112225 seconds
  Import took 0.163507 seconds .

========================================================================
Received Import Request.
  Time since last request: 0.001489 seconds.
  path: Assets/TutorialInfo/Icons/HDIcon.png
  artifactKey: Guid(9b84c330de497af4793fd7b376afed13) Importer(815301076,1909f56bfc062723c751e8b465ee728b)
Start importing Assets/TutorialInfo/Icons/HDIcon.png using Guid(9b84c330de497af4793fd7b376afed13) Importer(815301076,1909f56bfc062723c751e8b465ee728b)  -> (artifact id: 'ff93d25bfbcd602c15150bfc5ff23e0c') in 0.141967 seconds
  Import took 0.175753 seconds .

========================================================================
Received Import Request.
  Time since last request: 0.000626 seconds.
  path: Assets/Art/Textures/General/Plant_C_MaskMap.png
  artifactKey: Guid(853f2087cf0a1724bbc1a78c93af4a43) Importer(815301076,1909f56bfc062723c751e8b465ee728b)
Start importing Assets/Art/Textures/General/Plant_C_MaskMap.png using Guid(853f2087cf0a1724bbc1a78c93af4a43) Importer(815301076,1909f56bfc062723c751e8b465ee728b)  -> (artifact id: 'e77fb3d46c63f2a6b9a7725aa2832f4b') in 0.087488 seconds
  Import took 0.122218 seconds .

========================================================================
Received Import Request.
  Time since last request: 0.001098 seconds.
  path: Assets/Art/Textures/General/Bush_01_BC.png
  artifactKey: Guid(a78b571da66b42a4797a35454d64a71d) Importer(815301076,1909f56bfc062723c751e8b465ee728b)
Start importing Assets/Art/Textures/General/Bush_01_BC.png using Guid(a78b571da66b42a4797a35454d64a71d) Importer(815301076,1909f56bfc062723c751e8b465ee728b)  -> (artifact id: 'd50b38ddc8c60de25ca6f33ff8c9f079') in 0.112910 seconds
  Import took 0.157351 seconds .

========================================================================
Received Import Request.
  Time since last request: 0.000803 seconds.
  path: Assets/Scenes/SampleScene/ReflectionProbe-1.exr
  artifactKey: Guid(c3c78b54f15d2fa4cb5ce7168bfcd968) Importer(815301076,1909f56bfc062723c751e8b465ee728b)
Start importing Assets/Scenes/SampleScene/ReflectionProbe-1.exr using Guid(c3c78b54f15d2fa4cb5ce7168bfcd968) Importer(815301076,1909f56bfc062723c751e8b465ee728b)  -> (artifact id: '8c0edea9e2e66bcdd57d5e949c91444c') in 0.300686 seconds
  Import took 0.330316 seconds .

========================================================================
Received Import Request.
  Time since last request: 0.000904 seconds.
  path: Assets/Scenes/SampleScene/ReflectionProbe-10.exr
  artifactKey: Guid(0b0c990f63a874c4fbeadb86375b8fc8) Importer(815301076,1909f56bfc062723c751e8b465ee728b)
Start importing Assets/Scenes/SampleScene/ReflectionProbe-10.exr using Guid(0b0c990f63a874c4fbeadb86375b8fc8) Importer(815301076,1909f56bfc062723c751e8b465ee728b)  -> (artifact id: '5997fbd68cb3d3ce12f897d5d1d91945') in 0.262832 seconds
  Import took 0.313404 seconds .

========================================================================
Received Import Request.
  Time since last request: 0.000309 seconds.
  path: Assets/Art/Textures/General/Bush_01_Normal.png
  artifactKey: Guid(f9d8b252b0a372e409bd532d908b970d) Importer(815301076,1909f56bfc062723c751e8b465ee728b)
Start importing Assets/Art/Textures/General/Bush_01_Normal.png using Guid(f9d8b252b0a372e409bd532d908b970d) Importer(815301076,1909f56bfc062723c751e8b465ee728b)  -> (artifact id: '5620857245ac90fcbde4a49ed4f8d0e2') in 0.109835 seconds
  Import took 0.142648 seconds .

========================================================================
Received Import Request.
  Time since last request: 0.000766 seconds.
  path: Assets/Art/Textures/General/Fern_01_Thickness.png
  artifactKey: Guid(79009d2d8f52590449a72066c327d353) Importer(815301076,1909f56bfc062723c751e8b465ee728b)
Start importing Assets/Art/Textures/General/Fern_01_Thickness.png using Guid(79009d2d8f52590449a72066c327d353) Importer(815301076,1909f56bfc062723c751e8b465ee728b)  -> (artifact id: '1a7a66e200def5e9735874813de13d69') in 0.107671 seconds
  Import took 0.145846 seconds .

========================================================================
Received Import Request.
  Time since last request: 0.002211 seconds.
  path: Assets/Art/Textures/General/Rock_A_Albedo.png
  artifactKey: Guid(14a258bdd0518e741bbf5798e65c5e5a) Importer(815301076,1909f56bfc062723c751e8b465ee728b)
Start importing Assets/Art/Textures/General/Rock_A_Albedo.png using Guid(14a258bdd0518e741bbf5798e65c5e5a) Importer(815301076,1909f56bfc062723c751e8b465ee728b)  -> (artifact id: '828be09322125961c32f819ebdf75a7b') in 0.140491 seconds
  Import took 0.181395 seconds .

========================================================================
Received Import Request.
  Time since last request: 0.001285 seconds.
  path: Assets/Scenes/SampleScene/ReflectionProbe-4.exr
  artifactKey: Guid(a4fc011afaed10c45914eeba07d87322) Importer(815301076,1909f56bfc062723c751e8b465ee728b)
Start importing Assets/Scenes/SampleScene/ReflectionProbe-4.exr using Guid(a4fc011afaed10c45914eeba07d87322) Importer(815301076,1909f56bfc062723c751e8b465ee728b)  -> (artifact id: 'ad988872b257ee807dca4b92d4c258d2') in 0.323439 seconds
  Import took 0.358830 seconds .

========================================================================
Received Import Request.
  Time since last request: 0.002104 seconds.
  path: Assets/CoffeeSteam/Cloud04_8x8.tga
  artifactKey: Guid(d74ef62fe22dcb44fa7d682891784126) Importer(815301076,1909f56bfc062723c751e8b465ee728b)
Start importing Assets/CoffeeSteam/Cloud04_8x8.tga using Guid(d74ef62fe22dcb44fa7d682891784126) Importer(815301076,1909f56bfc062723c751e8b465ee728b)  -> (artifact id: '2842f074c6bb7f291de71e04a3648986') in 0.113795 seconds
  Import took 0.152022 seconds .

========================================================================
Received Import Request.
  Time since last request: 0.001939 seconds.
  path: Assets/Scenes/SampleScene/ReflectionProbe-0.exr
  artifactKey: Guid(db58c93c38fdd1c4cb45888d582f7a18) Importer(815301076,1909f56bfc062723c751e8b465ee728b)
Start importing Assets/Scenes/SampleScene/ReflectionProbe-0.exr using Guid(db58c93c38fdd1c4cb45888d582f7a18) Importer(815301076,1909f56bfc062723c751e8b465ee728b)  -> (artifact id: 'ea54dfe64a7c5bbc645fcfc20888cbe0') in 0.291173 seconds
  Import took 0.330774 seconds .

========================================================================
Received Import Request.
  Time since last request: 0.001029 seconds.
  path: Assets/Art/Textures/General/Ground_Albedo.png
  artifactKey: Guid(b6b099b58f8535a46ac14165d4a80a24) Importer(815301076,1909f56bfc062723c751e8b465ee728b)
Start importing Assets/Art/Textures/General/Ground_Albedo.png using Guid(b6b099b58f8535a46ac14165d4a80a24) Importer(815301076,1909f56bfc062723c751e8b465ee728b)  -> (artifact id: '15e78b51618e2f9ede44a84b06c0196f') in 0.116620 seconds
  Import took 0.151878 seconds .

========================================================================
Received Import Request.
  Time since last request: 0.000955 seconds.
  path: Assets/Scenes/SampleScene/Lightmap-6_comp_dir.png
  artifactKey: Guid(a5228ee1051068b4f9e5fae8b301a8e4) Importer(815301076,1909f56bfc062723c751e8b465ee728b)
Start importing Assets/Scenes/SampleScene/Lightmap-6_comp_dir.png using Guid(a5228ee1051068b4f9e5fae8b301a8e4) Importer(815301076,1909f56bfc062723c751e8b465ee728b)  -> (artifact id: '3bd7ce5926e873ac8abf3b7f5bdb10dd') in 0.101829 seconds
  Import took 0.136342 seconds .

========================================================================
Received Import Request.
  Time since last request: 0.004258 seconds.
  path: Assets/Scenes/SampleScene/Lightmap-1_comp_dir.png
  artifactKey: Guid(c78a7ef4ffd053e45986df6776d18a37) Importer(815301076,1909f56bfc062723c751e8b465ee728b)
Start importing Assets/Scenes/SampleScene/Lightmap-1_comp_dir.png using Guid(c78a7ef4ffd053e45986df6776d18a37) Importer(815301076,1909f56bfc062723c751e8b465ee728b)  -> (artifact id: '6bdaf6b6faa0a4fc0798fc935c7dcce5') in 0.099098 seconds
  Import took 0.159003 seconds .

========================================================================
Received Import Request.
  Time since last request: 0.001008 seconds.
  path: Assets/Art/Textures/General/ConcreteRough_Normal.png
  artifactKey: Guid(d27afe850f7bc4b48bdc67be58bad39f) Importer(815301076,1909f56bfc062723c751e8b465ee728b)
Start importing Assets/Art/Textures/General/ConcreteRough_Normal.png using Guid(d27afe850f7bc4b48bdc67be58bad39f) Importer(815301076,1909f56bfc062723c751e8b465ee728b)  -> (artifact id: 'c8d8b342c8ecf584f0662ea7f821b75b') in 0.099576 seconds
  Import took 0.131290 seconds .

========================================================================
Received Import Request.
  Time since last request: 0.000945 seconds.
  path: Assets/Art/Textures/VFX/BamBoo_Leaves_MaskMap.png
  artifactKey: Guid(e887296ef8b8ac942a2d4c372eadca2e) Importer(815301076,1909f56bfc062723c751e8b465ee728b)
Start importing Assets/Art/Textures/VFX/BamBoo_Leaves_MaskMap.png using Guid(e887296ef8b8ac942a2d4c372eadca2e) Importer(815301076,1909f56bfc062723c751e8b465ee728b)  -> (artifact id: '1fb74502c0f10af632a7af0fdd858f68') in 0.125948 seconds
  Import took 0.167866 seconds .

========================================================================
Received Import Request.
  Time since last request: 0.001032 seconds.
  path: Assets/Art/Textures/General/Plant_C_Albedo.png
  artifactKey: Guid(79d61a9b8b8d95449a0a38b3172b0681) Importer(815301076,1909f56bfc062723c751e8b465ee728b)
Start importing Assets/Art/Textures/General/Plant_C_Albedo.png using Guid(79d61a9b8b8d95449a0a38b3172b0681) Importer(815301076,1909f56bfc062723c751e8b465ee728b)  -> (artifact id: '5df8ce86b8b3baa4aaa51e36d6873d41') in 0.145327 seconds
  Import took 0.177109 seconds .

========================================================================
Received Import Request.
  Time since last request: 0.002051 seconds.
  path: Assets/Scenes/SampleScene/ReflectionProbe-12.exr
  artifactKey: Guid(8481e7bae45102c41afa57230dceda46) Importer(815301076,1909f56bfc062723c751e8b465ee728b)
Start importing Assets/Scenes/SampleScene/ReflectionProbe-12.exr using Guid(8481e7bae45102c41afa57230dceda46) Importer(815301076,1909f56bfc062723c751e8b465ee728b)  -> (artifact id: '181bffac752fcb043bb53d2aba64577a') in 0.305774 seconds
  Import took 0.351933 seconds .

========================================================================
Received Import Request.
  Time since last request: 0.000967 seconds.
  path: Assets/Art/Textures/General/ConcreteSmooth_Albedo.png
  artifactKey: Guid(7f40dbc8e6eb9bb479af6cfd14d6a031) Importer(815301076,1909f56bfc062723c751e8b465ee728b)
Start importing Assets/Art/Textures/General/ConcreteSmooth_Albedo.png using Guid(7f40dbc8e6eb9bb479af6cfd14d6a031) Importer(815301076,1909f56bfc062723c751e8b465ee728b)  -> (artifact id: '4fdb30a63854b64085dc67d0064a059a') in 0.200261 seconds
  Import took 0.238549 seconds .

========================================================================
Received Import Request.
  Time since last request: 0.000315 seconds.
  path: Assets/Art/Textures/General/ConcreteHoles_Normal.png
  artifactKey: Guid(87d1598cf2939b74e8ddb3a1064828cb) Importer(815301076,1909f56bfc062723c751e8b465ee728b)
Start importing Assets/Art/Textures/General/ConcreteHoles_Normal.png using Guid(87d1598cf2939b74e8ddb3a1064828cb) Importer(815301076,1909f56bfc062723c751e8b465ee728b)  -> (artifact id: '5b04ffcc14c328b87aa088d31a02c9a4') in 0.129682 seconds
  Import took 0.164684 seconds .

========================================================================
Received Import Request.
  Time since last request: 0.001130 seconds.
  path: Assets/Art/Textures/General/ConcretePolished_Normal.png
  artifactKey: Guid(69f99c17a37103a489498dd2bfeb0e32) Importer(815301076,1909f56bfc062723c751e8b465ee728b)
Start importing Assets/Art/Textures/General/ConcretePolished_Normal.png using Guid(69f99c17a37103a489498dd2bfeb0e32) Importer(815301076,1909f56bfc062723c751e8b465ee728b)  -> (artifact id: '9492a184db8b61a0f397f7be5b1494e6') in 0.127857 seconds
  Import took 0.164384 seconds .

========================================================================
Received Import Request.
  Time since last request: 0.001258 seconds.
  path: Assets/Art/Textures/General/Rock_A_Normal.png
  artifactKey: Guid(060f44f7b9fa42e4aa07ac67c8c94b34) Importer(815301076,1909f56bfc062723c751e8b465ee728b)
Start importing Assets/Art/Textures/General/Rock_A_Normal.png using Guid(060f44f7b9fa42e4aa07ac67c8c94b34) Importer(815301076,1909f56bfc062723c751e8b465ee728b)  -> (artifact id: 'b1d59b5e081cbbdd68de6d987ab64423') in 0.061603 seconds
  Import took 0.092382 seconds .

========================================================================
Received Prepare
Registering precompiled user dll's ...
Registered in 0.004769 seconds.
Begin MonoManager ReloadAssembly
Native extension for WindowsStandalone target not found
Refreshing native plugins compatible for Editor in 1.83 ms, found 0 plugins.
Preloading 0 native plugins for Editor in 0.00 ms.
Invoked RoslynAnalysisRunner static constructor.
RoslynAnalysisRunner will not be running.
RoslynAnalysisRunner has terminated.
Mono: successfully reloaded assembly
- Completed reload, in  8.753 seconds
Platform modules already initialized, skipping
Refreshing native plugins compatible for Editor in 5.62 ms, found 0 plugins.
Preloading 0 native plugins for Editor in 0.00 ms.
Unloading 3218 Unused Serialized files (Serialized files now loaded: 0)
System memory in use before: 163.2 MB.
System memory in use after: 160.5 MB.

Unloading 37 unused Assets to reduce memory usage. Loaded Objects now: 3945.
Total: 50.102000 ms (FindLiveObjects: 1.799500 ms CreateObjectMapping: 3.024300 ms MarkObjects: 10.309600 ms  DeleteObjects: 34.963500 ms)

========================================================================
Received Import Request.
  Time since last request: 430.663038 seconds.
  path: Packages/com.unity.timeline/Editor/StyleSheets/Images/Icons/d_TrackRecordButtonDisabled.png
  artifactKey: Guid(9c6daec86666cbb4b9e558b839a103db) Importer(815301076,1909f56bfc062723c751e8b465ee728b)
Start importing Packages/com.unity.timeline/Editor/StyleSheets/Images/Icons/d_TrackRecordButtonDisabled.png using Guid(9c6daec86666cbb4b9e558b839a103db) Importer(815301076,1909f56bfc062723c751e8b465ee728b)  -> (artifact id: 'd59e639858ed3bc336c149881ea7fca4') in 0.239096 seconds
  Import took 0.322422 seconds .

========================================================================
Received Import Request.
  Time since last request: 0.000712 seconds.
  path: Packages/com.unity.render-pipelines.high-definition/Editor/RenderPipelineResources/Texture/LightUnitIcons/ExteriorLight@2x.png
  artifactKey: Guid(a3fe770bc25a98540958d57e10f2a5fd) Importer(815301076,1909f56bfc062723c751e8b465ee728b)
Start importing Packages/com.unity.render-pipelines.high-definition/Editor/RenderPipelineResources/Texture/LightUnitIcons/ExteriorLight@2x.png using Guid(a3fe770bc25a98540958d57e10f2a5fd) Importer(815301076,1909f56bfc062723c751e8b465ee728b)  -> (artifact id: 'd3af86c9f2d6ebdef418196a954bd1e6') in 0.127459 seconds
  Import took 0.160174 seconds .

========================================================================
Received Import Request.
  Time since last request: 0.000710 seconds.
  path: Packages/com.unity.render-pipelines.high-definition/Editor/RenderPipelineResources/Texture/LightUnitIcons/Fluorescent.png
  artifactKey: Guid(52dd14d6fa6ca2d46b942c8289a898eb) Importer(815301076,1909f56bfc062723c751e8b465ee728b)
Start importing Packages/com.unity.render-pipelines.high-definition/Editor/RenderPipelineResources/Texture/LightUnitIcons/Fluorescent.png using Guid(52dd14d6fa6ca2d46b942c8289a898eb) Importer(815301076,1909f56bfc062723c751e8b465ee728b)  -> (artifact id: 'bc5a171ecaf43ca240c341c4c778d516') in 0.085109 seconds
  Import took 0.119723 seconds .

========================================================================
Received Import Request.
  Time since last request: 0.000965 seconds.
  path: Packages/com.unity.visualeffectgraph/Editor Default Resources/VFX/EditStolen.png
  artifactKey: Guid(3aadaa8d8c0ae984c9dd23e939a8b7d5) Importer(815301076,1909f56bfc062723c751e8b465ee728b)
Start importing Packages/com.unity.visualeffectgraph/Editor Default Resources/VFX/EditStolen.png using Guid(3aadaa8d8c0ae984c9dd23e939a8b7d5) Importer(815301076,1909f56bfc062723c751e8b465ee728b)  -> (artifact id: '576ff5932b0d3dfafea3759a0519ef1d') in 0.056746 seconds
  Import took 0.105792 seconds .

========================================================================
Received Import Request.
  Time since last request: 0.000590 seconds.
  path: Packages/com.unity.render-pipelines.high-definition/Editor/RenderPipelineResources/Texture/DiffusionProfileSettingsAsset.png
  artifactKey: Guid(87c4629bc47a322429681210f0a229d4) Importer(815301076,1909f56bfc062723c751e8b465ee728b)
Start importing Packages/com.unity.render-pipelines.high-definition/Editor/RenderPipelineResources/Texture/DiffusionProfileSettingsAsset.png using Guid(87c4629bc47a322429681210f0a229d4) Importer(815301076,1909f56bfc062723c751e8b465ee728b)  -> (artifact id: '2942e0bb15118c88bdf57f85c535f4da') in 0.081239 seconds
  Import took 0.109823 seconds .

========================================================================
Received Import Request.
  Time since last request: 0.000548 seconds.
  path: Packages/com.unity.searcher/Editor/Resources/FlatSkin/Font/Roboto-MediumItalic.ttf
  artifactKey: Guid(d93c1bc57fdf1ac4dad1bf04fac05464) Importer(815301076,1909f56bfc062723c751e8b465ee728b)
Start importing Packages/com.unity.searcher/Editor/Resources/FlatSkin/Font/Roboto-MediumItalic.ttf using Guid(d93c1bc57fdf1ac4dad1bf04fac05464) Importer(815301076,1909f56bfc062723c751e8b465ee728b)  -> (artifact id: '04a57f69321c0c63b6afe895c30080fb') in 41.122554 seconds
  Import took 41.141159 seconds .

========================================================================
Received Import Request.
  Time since last request: 0.000550 seconds.
  path: Packages/com.unity.render-pipelines.high-definition/Editor/RenderPipelineResources/Texture/LightUnitIcons/d_BlueSky.png
  artifactKey: Guid(8991eaef2ed56cc45b9a80b50fbca5e2) Importer(815301076,1909f56bfc062723c751e8b465ee728b)
Start importing Packages/com.unity.render-pipelines.high-definition/Editor/RenderPipelineResources/Texture/LightUnitIcons/d_BlueSky.png using Guid(8991eaef2ed56cc45b9a80b50fbca5e2) Importer(815301076,1909f56bfc062723c751e8b465ee728b)  -> (artifact id: '8935aea9f46048cb83690f5f8a8cdab8') in 0.029664 seconds
  Import took 0.043451 seconds .

========================================================================
Received Import Request.
  Time since last request: 0.000464 seconds.
  path: Packages/com.unity.visualeffectgraph/Editor Default Resources/VFX/cat-background-light.png
  artifactKey: Guid(ccda2131ef139a440a193699457e1561) Importer(815301076,1909f56bfc062723c751e8b465ee728b)
Start importing Packages/com.unity.visualeffectgraph/Editor Default Resources/VFX/cat-background-light.png using Guid(ccda2131ef139a440a193699457e1561) Importer(815301076,1909f56bfc062723c751e8b465ee728b)  -> (artifact id: 'cdec9f2e10b3784e93c784f3fc3e4a39') in 0.040255 seconds
  Import took 0.054704 seconds .

========================================================================
Received Import Request.
  Time since last request: 0.000544 seconds.
  path: Packages/com.unity.collab-proxy/Editor/Assets/Icons/collaborate-progress-light@2x.png
  artifactKey: Guid(ae9e7828f0813b04fbe3f839422b2289) Importer(815301076,1909f56bfc062723c751e8b465ee728b)
Start importing Packages/com.unity.collab-proxy/Editor/Assets/Icons/collaborate-progress-light@2x.png using Guid(ae9e7828f0813b04fbe3f839422b2289) Importer(815301076,1909f56bfc062723c751e8b465ee728b)  -> (artifact id: '9762bb3c71c469ad5161eff675362790') in 0.044901 seconds
  Import took 0.079637 seconds .

========================================================================
Received Import Request.
  Time since last request: 0.000512 seconds.
  path: Packages/com.unity.render-pipelines.high-definition/Editor/RenderPipelineResources/Texture/LightUnitIcons/Moonlight@2x.png
  artifactKey: Guid(d8bb1a60805d8d241acc12f74cd3b2d5) Importer(815301076,1909f56bfc062723c751e8b465ee728b)
Start importing Packages/com.unity.render-pipelines.high-definition/Editor/RenderPipelineResources/Texture/LightUnitIcons/Moonlight@2x.png using Guid(d8bb1a60805d8d241acc12f74cd3b2d5) Importer(815301076,1909f56bfc062723c751e8b465ee728b)  -> (artifact id: 'a128cc558a29d72dc9e4e54af0d85da2') in 0.053858 seconds
  Import took 0.070073 seconds .

========================================================================
Received Prepare
Registering precompiled user dll's ...
Registered in 0.006377 seconds.
Begin MonoManager ReloadAssembly
Native extension for WindowsStandalone target not found
Refreshing native plugins compatible for Editor in 2.29 ms, found 0 plugins.
Preloading 0 native plugins for Editor in 0.00 ms.
Invoked RoslynAnalysisRunner static constructor.
RoslynAnalysisRunner will not be running.
RoslynAnalysisRunner has terminated.
Mono: successfully reloaded assembly
- Completed reload, in  8.342 seconds
Platform modules already initialized, skipping
Refreshing native plugins compatible for Editor in 1.31 ms, found 0 plugins.
Preloading 0 native plugins for Editor in 0.00 ms.
Unloading 3229 Unused Serialized files (Serialized files now loaded: 0)
System memory in use before: 171.1 MB.
System memory in use after: 168.8 MB.

Unloading 31 unused Assets to reduce memory usage. Loaded Objects now: 4097.
Total: 14.978000 ms (FindLiveObjects: 0.981100 ms CreateObjectMapping: 0.709800 ms MarkObjects: 5.669000 ms  DeleteObjects: 7.615100 ms)

========================================================================
Received Import Request.
  Time since last request: 803.232293 seconds.
  path: Assets/CoffeeSteam/CofeeSteam.vfx
  artifactKey: Guid(1ed8ce6763281d945a5f7d2407a7d502) Importer(815301076,1909f56bfc062723c751e8b465ee728b)
Start importing Assets/CoffeeSteam/CofeeSteam.vfx using Guid(1ed8ce6763281d945a5f7d2407a7d502) Importer(815301076,1909f56bfc062723c751e8b465ee728b)  -> (artifact id: 'd921ab500f124de3393d2724ab77bd1b') in 0.229616 seconds
  Import took 0.261282 seconds .

AssetImportWorkerClient::OnTransportError - code=2 error=End of file
